<?xml version="1.0" encoding="UTF-8"?>
<!-- Generated by org.testng.reporters.JUnitReportReporter -->
<testsuite hostname="DESKTOP-9Q1OTLK" failures="0" tests="1" name="testCases.TC_002_SignInTest" time="3.613" errors="0" timestamp="2023-01-21T16:55:24 IST" skipped="0">
  <testcase classname="testCases.TC_002_SignInTest" name="Test_Signin" time="3.613"/>
  <system-out/>
</testsuite> <!-- testCases.TC_002_SignInTest -->
