<?xml version="1.0" encoding="UTF-8"?>
<!-- Generated by org.testng.reporters.JUnitReportReporter -->
<testsuite hostname="DESKTOP-9Q1OTLK" failures="0" tests="1" name="testCases.TC_001_NewCustomerAcctTest" time="5.603" errors="0" timestamp="2023-01-23T16:15:40 IST" skipped="0">
  <testcase classname="testCases.TC_001_NewCustomerAcctTest" name="Test_NewCustomer_Acct" time="5.603"/>
  <system-out/>
</testsuite> <!-- testCases.TC_001_NewCustomerAcctTest -->
